<?xml version="1.0" encoding="UTF-8"?>
<testsuite name="com.awsrest.awsacademyproject.AwsacademyprojectApplicationTests" tests="1" skipped="0" failures="0" errors="0" timestamp="2023-12-13T01:48:34" hostname="RAFA-LAPTOP" time="0.833">
  <properties/>
  <testcase name="contextLoads()" classname="com.awsrest.awsacademyproject.AwsacademyprojectApplicationTests" time="0.833"/>
  <system-out><![CDATA[19:48:24.558 [Test worker] INFO org.springframework.test.context.support.AnnotationConfigContextLoaderUtils -- Could not detect default configuration classes for test class [com.awsrest.awsacademyproject.AwsacademyprojectApplicationTests]: AwsacademyprojectApplicationTests does not declare any static, non-private, non-final, nested classes annotated with @Configuration.
19:48:24.755 [Test worker] INFO org.springframework.boot.test.context.SpringBootTestContextBootstrapper -- Found @SpringBootConfiguration com.awsrest.awsacademyproject.AwsacademyprojectApplication for test class com.awsrest.awsacademyproject.AwsacademyprojectApplicationTests

  .   ____          _            __ _ _
 /\\ / ___'_ __ _ _(_)_ __  __ _ \ \ \ \
( ( )\___ | '_ | '_| | '_ \/ _` | \ \ \ \
 \\/  ___)| |_)| | | | | || (_| |  ) ) ) )
  '  |____| .__|_| |_|_| |_\__, | / / / /
 =========|_|==============|___/=/_/_/_/
 :: Spring Boot ::                (v3.1.5)

2023-12-12T19:48:25.519-06:00  INFO 6540 --- [    Test worker] c.a.a.AwsacademyprojectApplicationTests  : Starting AwsacademyprojectApplicationTests using Java 17.0.9 with PID 6540 (started by betoh in C:\Users\betoh\OneDrive\Documentos\FMAT\awsacademyproject)
2023-12-12T19:48:25.527-06:00  INFO 6540 --- [    Test worker] c.a.a.AwsacademyprojectApplicationTests  : No active profile set, falling back to 1 default profile: "default"
2023-12-12T19:48:26.569-06:00  INFO 6540 --- [    Test worker] .s.d.r.c.RepositoryConfigurationDelegate : Bootstrapping Spring Data JPA repositories in DEFAULT mode.
2023-12-12T19:48:26.652-06:00  INFO 6540 --- [    Test worker] .s.d.r.c.RepositoryConfigurationDelegate : Finished Spring Data repository scanning in 74 ms. Found 2 JPA repository interfaces.
2023-12-12T19:48:27.351-06:00  INFO 6540 --- [    Test worker] o.hibernate.jpa.internal.util.LogHelper  : HHH000204: Processing PersistenceUnitInfo [name: default]
2023-12-12T19:48:27.442-06:00  INFO 6540 --- [    Test worker] org.hibernate.Version                    : HHH000412: Hibernate ORM core version 6.2.13.Final
2023-12-12T19:48:27.451-06:00  INFO 6540 --- [    Test worker] org.hibernate.cfg.Environment            : HHH000406: Using bytecode reflection optimizer
2023-12-12T19:48:27.961-06:00  INFO 6540 --- [    Test worker] o.s.o.j.p.SpringPersistenceUnitInfo      : No LoadTimeWeaver setup: ignoring JPA class transformer
2023-12-12T19:48:28.010-06:00  INFO 6540 --- [    Test worker] com.zaxxer.hikari.HikariDataSource       : HikariPool-1 - Starting...
2023-12-12T19:48:29.727-06:00  INFO 6540 --- [    Test worker] com.zaxxer.hikari.pool.HikariPool        : HikariPool-1 - Added connection com.mysql.cj.jdbc.ConnectionImpl@8af1c49
2023-12-12T19:48:29.727-06:00  INFO 6540 --- [    Test worker] com.zaxxer.hikari.HikariDataSource       : HikariPool-1 - Start completed.
2023-12-12T19:48:29.901-06:00  WARN 6540 --- [    Test worker] org.hibernate.orm.deprecation            : HHH90000025: MySQL8Dialect does not need to be specified explicitly using 'hibernate.dialect' (remove the property setting and it will be selected by default)
2023-12-12T19:48:29.901-06:00  WARN 6540 --- [    Test worker] org.hibernate.orm.deprecation            : HHH90000026: MySQL8Dialect has been deprecated; use org.hibernate.dialect.MySQLDialect instead
2023-12-12T19:48:31.409-06:00  INFO 6540 --- [    Test worker] o.h.e.t.j.p.i.JtaPlatformInitiator       : HHH000489: No JTA platform available (set 'hibernate.transaction.jta.platform' to enable JTA platform integration)
2023-12-12T19:48:31.757-06:00  INFO 6540 --- [    Test worker] j.LocalContainerEntityManagerFactoryBean : Initialized JPA EntityManagerFactory for persistence unit 'default'
2023-12-12T19:48:33.799-06:00  WARN 6540 --- [    Test worker] JpaBaseConfiguration$JpaWebConfiguration : spring.jpa.open-in-view is enabled by default. Therefore, database queries may be performed during view rendering. Explicitly configure spring.jpa.open-in-view to disable this warning
2023-12-12T19:48:34.490-06:00  INFO 6540 --- [    Test worker] c.a.a.AwsacademyprojectApplicationTests  : Started AwsacademyprojectApplicationTests in 9.447 seconds (process running for 11.623)
]]></system-out>
  <system-err><![CDATA[]]></system-err>
</testsuite>
